<html>
<head>
<title>TestNG:  Command line test</title>
<link href="../testng.css" rel="stylesheet" type="text/css" />
<link href="../my-testng.css" rel="stylesheet" type="text/css" />

<style type="text/css">
.log { display: none;} 
.stack-trace { display: none;} 
</style>
<script type="text/javascript">
<!--
function flip(e) {
  current = e.style.display;
  if (current == 'block') {
    e.style.display = 'none';
    return 0;
  }
  else {
    e.style.display = 'block';
    return 1;
  }
}

function toggleBox(szDivId, elem, msg1, msg2)
{
  var res = -1;  if (document.getElementById) {
    res = flip(document.getElementById(szDivId));
  }
  else if (document.all) {
    // this is the way old msie versions work
    res = flip(document.all[szDivId]);
  }
  if(elem) {
    if(res == 0) elem.innerHTML = msg1; else elem.innerHTML = msg2;
  }

}

function toggleAllBoxes() {
  if (document.getElementsByTagName) {
    d = document.getElementsByTagName('div');
    for (i = 0; i < d.length; i++) {
      if (d[i].className == 'log') {
        flip(d[i]);
      }
    }
  }
}

// -->
</script>

</head>
<body>
<h2 align='center'>Command line test</h2><table border='1' align="center">
<tr>
<td>Tests passed/Failed/Skipped:</td><td>74/0/0</td>
</tr><tr>
<td>Started on:</td><td>Sat Aug 26 15:32:05 CST 2017</td>
</tr>
<tr><td>Total time:</td><td>1 seconds (1982 ms)</td>
</tr><tr>
<td>Included groups:</td><td></td>
</tr><tr>
<td>Excluded groups:</td><td></td>
</tr>
</table><p/>
<small><i>(Hover the method name to see the test class name)</i></small><p/>
<table width='100%' border='1' class='invocation-passed'>
<tr><td colspan='4' align='center'><b>PASSED TESTS</b></td></tr>
<tr><td><b>Test method</b></td>
<td width="30%"><b>Exception</b></td>
<td width="10%"><b>Time (seconds)</b></td>
<td><b>Instance</b></td>
</tr>
<tr>
<td title='com.aventstack.extentreports.api.TestInitializeNullValuesTests.bddTestScenarioNameEmpty()'><b>bddTestScenarioNameEmpty</b><br>Test class: com.aventstack.extentreports.api.TestInitializeNullValuesTests<br>Parameters: public void com.aventstack.extentreports.api.TestInitializeNullValuesTests.bddTestScenarioNameEmpty(java.lang.reflect.Method)</td>
<td><div><pre>java.lang.IllegalArgumentException: nodeName cannot be null or empty
	at com.aventstack.extentreports.ExtentTest.createNode(ExtentTest.java:133)
	at com.aventstack.extentreports.ExtentTest.createNode(ExtentTest.java:195)
	at com.aventstack.extentreports.api.TestInitializeNullValuesTests.bddTestScenarioNameEmpty(TestInitializeNullValuesTests.java:30)
... Removed 34 stack frames</pre></div><a href='#' onClick='toggleBox("stack-trace1876682596", this, "Click to show all stack frames", "Click to hide stack frames")'>Click to show all stack frames</a>
<div class='stack-trace' id='stack-trace1876682596'><pre>java.lang.IllegalArgumentException: nodeName cannot be null or empty
	at com.aventstack.extentreports.ExtentTest.createNode(ExtentTest.java:133)
	at com.aventstack.extentreports.ExtentTest.createNode(ExtentTest.java:195)
	at com.aventstack.extentreports.api.TestInitializeNullValuesTests.bddTestScenarioNameEmpty(TestInitializeNullValuesTests.java:30)
	at sun.reflect.NativeMethodAccessorImpl.invoke0(Native Method)
	at sun.reflect.NativeMethodAccessorImpl.invoke(NativeMethodAccessorImpl.java:62)
	at sun.reflect.DelegatingMethodAccessorImpl.invoke(DelegatingMethodAccessorImpl.java:43)
	at java.lang.reflect.Method.invoke(Method.java:498)
	at org.testng.internal.MethodInvocationHelper.invokeMethod(MethodInvocationHelper.java:86)
	at org.testng.internal.Invoker.invokeMethod(Invoker.java:643)
	at org.testng.internal.Invoker.invokeTestMethod(Invoker.java:820)
	at org.testng.internal.Invoker.invokeTestMethods(Invoker.java:1128)
	at org.testng.internal.TestMethodWorker.invokeTestMethods(TestMethodWorker.java:129)
	at org.testng.internal.TestMethodWorker.run(TestMethodWorker.java:112)
	at org.testng.TestRunner.privateRun(TestRunner.java:782)
	at org.testng.TestRunner.run(TestRunner.java:632)
	at org.testng.SuiteRunner.runTest(SuiteRunner.java:366)
	at org.testng.SuiteRunner.runSequentially(SuiteRunner.java:361)
	at org.testng.SuiteRunner.privateRun(SuiteRunner.java:319)
	at org.testng.SuiteRunner.run(SuiteRunner.java:268)
	at org.testng.SuiteRunnerWorker.runSuite(SuiteRunnerWorker.java:52)
	at org.testng.SuiteRunnerWorker.run(SuiteRunnerWorker.java:86)
	at org.testng.TestNG.runSuitesSequentially(TestNG.java:1244)
	at org.testng.TestNG.runSuitesLocally(TestNG.java:1169)
	at org.testng.TestNG.run(TestNG.java:1064)
	at org.apache.maven.surefire.testng.TestNGExecutor.run(TestNGExecutor.java:77)
	at org.apache.maven.surefire.testng.TestNGDirectoryTestSuite.executeMulti(TestNGDirectoryTestSuite.java:159)
	at org.apache.maven.surefire.testng.TestNGDirectoryTestSuite.execute(TestNGDirectoryTestSuite.java:99)
	at org.apache.maven.surefire.testng.TestNGProvider.invoke(TestNGProvider.java:106)
	at sun.reflect.NativeMethodAccessorImpl.invoke0(Native Method)
	at sun.reflect.NativeMethodAccessorImpl.invoke(NativeMethodAccessorImpl.java:62)
	at sun.reflect.DelegatingMethodAccessorImpl.invoke(DelegatingMethodAccessorImpl.java:43)
	at java.lang.reflect.Method.invoke(Method.java:498)
	at org.apache.maven.surefire.util.ReflectionUtils.invokeMethodWithArray(ReflectionUtils.java:189)
	at org.apache.maven.surefire.booter.ProviderFactory$ProviderProxy.invoke(ProviderFactory.java:165)
	at org.apache.maven.surefire.booter.ProviderFactory.invokeProvider(ProviderFactory.java:85)
	at org.apache.maven.surefire.booter.ForkedBooter.runSuitesInProcess(ForkedBooter.java:115)
	at org.apache.maven.surefire.booter.ForkedBooter.main(ForkedBooter.java:75)
</pre></div></td>
<td>0</td>
<td>com.aventstack.extentreports.api.TestInitializeNullValuesTests@96532d6</td></tr>
<tr>
<td title='com.aventstack.extentreports.api.TestInitializeNullValuesTests.bddTestScenarioNameEmptyGherkinKeyword()'><b>bddTestScenarioNameEmptyGherkinKeyword</b><br>Test class: com.aventstack.extentreports.api.TestInitializeNullValuesTests<br>Parameters: public void com.aventstack.extentreports.api.TestInitializeNullValuesTests.bddTestScenarioNameEmptyGherkinKeyword(java.lang.reflect.Method) throws java.lang.ClassNotFoundException</td>
<td><div><pre>java.lang.IllegalArgumentException: nodeName cannot be null or empty
	at com.aventstack.extentreports.ExtentTest.createNode(ExtentTest.java:133)
	at com.aventstack.extentreports.ExtentTest.createNode(ExtentTest.java:227)
	at com.aventstack.extentreports.ExtentTest.createNode(ExtentTest.java:257)
	at com.aventstack.extentreports.api.TestInitializeNullValuesTests.bddTestScenarioNameEmptyGherkinKeyword(TestInitializeNullValuesTests.java:56)
... Removed 34 stack frames</pre></div><a href='#' onClick='toggleBox("stack-trace1371957475", this, "Click to show all stack frames", "Click to hide stack frames")'>Click to show all stack frames</a>
<div class='stack-trace' id='stack-trace1371957475'><pre>java.lang.IllegalArgumentException: nodeName cannot be null or empty
	at com.aventstack.extentreports.ExtentTest.createNode(ExtentTest.java:133)
	at com.aventstack.extentreports.ExtentTest.createNode(ExtentTest.java:227)
	at com.aventstack.extentreports.ExtentTest.createNode(ExtentTest.java:257)
	at com.aventstack.extentreports.api.TestInitializeNullValuesTests.bddTestScenarioNameEmptyGherkinKeyword(TestInitializeNullValuesTests.java:56)
	at sun.reflect.NativeMethodAccessorImpl.invoke0(Native Method)
	at sun.reflect.NativeMethodAccessorImpl.invoke(NativeMethodAccessorImpl.java:62)
	at sun.reflect.DelegatingMethodAccessorImpl.invoke(DelegatingMethodAccessorImpl.java:43)
	at java.lang.reflect.Method.invoke(Method.java:498)
	at org.testng.internal.MethodInvocationHelper.invokeMethod(MethodInvocationHelper.java:86)
	at org.testng.internal.Invoker.invokeMethod(Invoker.java:643)
	at org.testng.internal.Invoker.invokeTestMethod(Invoker.java:820)
	at org.testng.internal.Invoker.invokeTestMethods(Invoker.java:1128)
	at org.testng.internal.TestMethodWorker.invokeTestMethods(TestMethodWorker.java:129)
	at org.testng.internal.TestMethodWorker.run(TestMethodWorker.java:112)
	at org.testng.TestRunner.privateRun(TestRunner.java:782)
	at org.testng.TestRunner.run(TestRunner.java:632)
	at org.testng.SuiteRunner.runTest(SuiteRunner.java:366)
	at org.testng.SuiteRunner.runSequentially(SuiteRunner.java:361)
	at org.testng.SuiteRunner.privateRun(SuiteRunner.java:319)
	at org.testng.SuiteRunner.run(SuiteRunner.java:268)
	at org.testng.SuiteRunnerWorker.runSuite(SuiteRunnerWorker.java:52)
	at org.testng.SuiteRunnerWorker.run(SuiteRunnerWorker.java:86)
	at org.testng.TestNG.runSuitesSequentially(TestNG.java:1244)
	at org.testng.TestNG.runSuitesLocally(TestNG.java:1169)
	at org.testng.TestNG.run(TestNG.java:1064)
	at org.apache.maven.surefire.testng.TestNGExecutor.run(TestNGExecutor.java:77)
	at org.apache.maven.surefire.testng.TestNGDirectoryTestSuite.executeMulti(TestNGDirectoryTestSuite.java:159)
	at org.apache.maven.surefire.testng.TestNGDirectoryTestSuite.execute(TestNGDirectoryTestSuite.java:99)
	at org.apache.maven.surefire.testng.TestNGProvider.invoke(TestNGProvider.java:106)
	at sun.reflect.NativeMethodAccessorImpl.invoke0(Native Method)
	at sun.reflect.NativeMethodAccessorImpl.invoke(NativeMethodAccessorImpl.java:62)
	at sun.reflect.DelegatingMethodAccessorImpl.invoke(DelegatingMethodAccessorImpl.java:43)
	at java.lang.reflect.Method.invoke(Method.java:498)
	at org.apache.maven.surefire.util.ReflectionUtils.invokeMethodWithArray(ReflectionUtils.java:189)
	at org.apache.maven.surefire.booter.ProviderFactory$ProviderProxy.invoke(ProviderFactory.java:165)
	at org.apache.maven.surefire.booter.ProviderFactory.invokeProvider(ProviderFactory.java:85)
	at org.apache.maven.surefire.booter.ForkedBooter.runSuitesInProcess(ForkedBooter.java:115)
	at org.apache.maven.surefire.booter.ForkedBooter.main(ForkedBooter.java:75)
</pre></div></td>
<td>0</td>
<td>com.aventstack.extentreports.api.TestInitializeNullValuesTests@96532d6</td></tr>
<tr>
<td title='com.aventstack.extentreports.api.TestInitializeNullValuesTests.bddTestScenarioNameNull()'><b>bddTestScenarioNameNull</b><br>Test class: com.aventstack.extentreports.api.TestInitializeNullValuesTests<br>Parameters: public void com.aventstack.extentreports.api.TestInitializeNullValuesTests.bddTestScenarioNameNull(java.lang.reflect.Method)</td>
<td><div><pre>java.lang.IllegalArgumentException: nodeName cannot be null or empty
	at com.aventstack.extentreports.ExtentTest.createNode(ExtentTest.java:133)
	at com.aventstack.extentreports.ExtentTest.createNode(ExtentTest.java:195)
	at com.aventstack.extentreports.api.TestInitializeNullValuesTests.bddTestScenarioNameNull(TestInitializeNullValuesTests.java:24)
... Removed 34 stack frames</pre></div><a href='#' onClick='toggleBox("stack-trace778731861", this, "Click to show all stack frames", "Click to hide stack frames")'>Click to show all stack frames</a>
<div class='stack-trace' id='stack-trace778731861'><pre>java.lang.IllegalArgumentException: nodeName cannot be null or empty
	at com.aventstack.extentreports.ExtentTest.createNode(ExtentTest.java:133)
	at com.aventstack.extentreports.ExtentTest.createNode(ExtentTest.java:195)
	at com.aventstack.extentreports.api.TestInitializeNullValuesTests.bddTestScenarioNameNull(TestInitializeNullValuesTests.java:24)
	at sun.reflect.NativeMethodAccessorImpl.invoke0(Native Method)
	at sun.reflect.NativeMethodAccessorImpl.invoke(NativeMethodAccessorImpl.java:62)
	at sun.reflect.DelegatingMethodAccessorImpl.invoke(DelegatingMethodAccessorImpl.java:43)
	at java.lang.reflect.Method.invoke(Method.java:498)
	at org.testng.internal.MethodInvocationHelper.invokeMethod(MethodInvocationHelper.java:86)
	at org.testng.internal.Invoker.invokeMethod(Invoker.java:643)
	at org.testng.internal.Invoker.invokeTestMethod(Invoker.java:820)
	at org.testng.internal.Invoker.invokeTestMethods(Invoker.java:1128)
	at org.testng.internal.TestMethodWorker.invokeTestMethods(TestMethodWorker.java:129)
	at org.testng.internal.TestMethodWorker.run(TestMethodWorker.java:112)
	at org.testng.TestRunner.privateRun(TestRunner.java:782)
	at org.testng.TestRunner.run(TestRunner.java:632)
	at org.testng.SuiteRunner.runTest(SuiteRunner.java:366)
	at org.testng.SuiteRunner.runSequentially(SuiteRunner.java:361)
	at org.testng.SuiteRunner.privateRun(SuiteRunner.java:319)
	at org.testng.SuiteRunner.run(SuiteRunner.java:268)
	at org.testng.SuiteRunnerWorker.runSuite(SuiteRunnerWorker.java:52)
	at org.testng.SuiteRunnerWorker.run(SuiteRunnerWorker.java:86)
	at org.testng.TestNG.runSuitesSequentially(TestNG.java:1244)
	at org.testng.TestNG.runSuitesLocally(TestNG.java:1169)
	at org.testng.TestNG.run(TestNG.java:1064)
	at org.apache.maven.surefire.testng.TestNGExecutor.run(TestNGExecutor.java:77)
	at org.apache.maven.surefire.testng.TestNGDirectoryTestSuite.executeMulti(TestNGDirectoryTestSuite.java:159)
	at org.apache.maven.surefire.testng.TestNGDirectoryTestSuite.execute(TestNGDirectoryTestSuite.java:99)
	at org.apache.maven.surefire.testng.TestNGProvider.invoke(TestNGProvider.java:106)
	at sun.reflect.NativeMethodAccessorImpl.invoke0(Native Method)
	at sun.reflect.NativeMethodAccessorImpl.invoke(NativeMethodAccessorImpl.java:62)
	at sun.reflect.DelegatingMethodAccessorImpl.invoke(DelegatingMethodAccessorImpl.java:43)
	at java.lang.reflect.Method.invoke(Method.java:498)
	at org.apache.maven.surefire.util.ReflectionUtils.invokeMethodWithArray(ReflectionUtils.java:189)
	at org.apache.maven.surefire.booter.ProviderFactory$ProviderProxy.invoke(ProviderFactory.java:165)
	at org.apache.maven.surefire.booter.ProviderFactory.invokeProvider(ProviderFactory.java:85)
	at org.apache.maven.surefire.booter.ForkedBooter.runSuitesInProcess(ForkedBooter.java:115)
	at org.apache.maven.surefire.booter.ForkedBooter.main(ForkedBooter.java:75)
</pre></div></td>
<td>0</td>
<td>com.aventstack.extentreports.api.TestInitializeNullValuesTests@96532d6</td></tr>
<tr>
<td title='com.aventstack.extentreports.api.TestInitializeNullValuesTests.bddTestScenarioNameNullGherkinKeyword()'><b>bddTestScenarioNameNullGherkinKeyword</b><br>Test class: com.aventstack.extentreports.api.TestInitializeNullValuesTests<br>Parameters: public void com.aventstack.extentreports.api.TestInitializeNullValuesTests.bddTestScenarioNameNullGherkinKeyword(java.lang.reflect.Method) throws java.lang.ClassNotFoundException</td>
<td><div><pre>java.lang.IllegalArgumentException: nodeName cannot be null or empty
	at com.aventstack.extentreports.ExtentTest.createNode(ExtentTest.java:133)
	at com.aventstack.extentreports.ExtentTest.createNode(ExtentTest.java:227)
	at com.aventstack.extentreports.ExtentTest.createNode(ExtentTest.java:257)
	at com.aventstack.extentreports.api.TestInitializeNullValuesTests.bddTestScenarioNameNullGherkinKeyword(TestInitializeNullValuesTests.java:50)
... Removed 34 stack frames</pre></div><a href='#' onClick='toggleBox("stack-trace1646371921", this, "Click to show all stack frames", "Click to hide stack frames")'>Click to show all stack frames</a>
<div class='stack-trace' id='stack-trace1646371921'><pre>java.lang.IllegalArgumentException: nodeName cannot be null or empty
	at com.aventstack.extentreports.ExtentTest.createNode(ExtentTest.java:133)
	at com.aventstack.extentreports.ExtentTest.createNode(ExtentTest.java:227)
	at com.aventstack.extentreports.ExtentTest.createNode(ExtentTest.java:257)
	at com.aventstack.extentreports.api.TestInitializeNullValuesTests.bddTestScenarioNameNullGherkinKeyword(TestInitializeNullValuesTests.java:50)
	at sun.reflect.NativeMethodAccessorImpl.invoke0(Native Method)
	at sun.reflect.NativeMethodAccessorImpl.invoke(NativeMethodAccessorImpl.java:62)
	at sun.reflect.DelegatingMethodAccessorImpl.invoke(DelegatingMethodAccessorImpl.java:43)
	at java.lang.reflect.Method.invoke(Method.java:498)
	at org.testng.internal.MethodInvocationHelper.invokeMethod(MethodInvocationHelper.java:86)
	at org.testng.internal.Invoker.invokeMethod(Invoker.java:643)
	at org.testng.internal.Invoker.invokeTestMethod(Invoker.java:820)
	at org.testng.internal.Invoker.invokeTestMethods(Invoker.java:1128)
	at org.testng.internal.TestMethodWorker.invokeTestMethods(TestMethodWorker.java:129)
	at org.testng.internal.TestMethodWorker.run(TestMethodWorker.java:112)
	at org.testng.TestRunner.privateRun(TestRunner.java:782)
	at org.testng.TestRunner.run(TestRunner.java:632)
	at org.testng.SuiteRunner.runTest(SuiteRunner.java:366)
	at org.testng.SuiteRunner.runSequentially(SuiteRunner.java:361)
	at org.testng.SuiteRunner.privateRun(SuiteRunner.java:319)
	at org.testng.SuiteRunner.run(SuiteRunner.java:268)
	at org.testng.SuiteRunnerWorker.runSuite(SuiteRunnerWorker.java:52)
	at org.testng.SuiteRunnerWorker.run(SuiteRunnerWorker.java:86)
	at org.testng.TestNG.runSuitesSequentially(TestNG.java:1244)
	at org.testng.TestNG.runSuitesLocally(TestNG.java:1169)
	at org.testng.TestNG.run(TestNG.java:1064)
	at org.apache.maven.surefire.testng.TestNGExecutor.run(TestNGExecutor.java:77)
	at org.apache.maven.surefire.testng.TestNGDirectoryTestSuite.executeMulti(TestNGDirectoryTestSuite.java:159)
	at org.apache.maven.surefire.testng.TestNGDirectoryTestSuite.execute(TestNGDirectoryTestSuite.java:99)
	at org.apache.maven.surefire.testng.TestNGProvider.invoke(TestNGProvider.java:106)
	at sun.reflect.NativeMethodAccessorImpl.invoke0(Native Method)
	at sun.reflect.NativeMethodAccessorImpl.invoke(NativeMethodAccessorImpl.java:62)
	at sun.reflect.DelegatingMethodAccessorImpl.invoke(DelegatingMethodAccessorImpl.java:43)
	at java.lang.reflect.Method.invoke(Method.java:498)
	at org.apache.maven.surefire.util.ReflectionUtils.invokeMethodWithArray(ReflectionUtils.java:189)
	at org.apache.maven.surefire.booter.ProviderFactory$ProviderProxy.invoke(ProviderFactory.java:165)
	at org.apache.maven.surefire.booter.ProviderFactory.invokeProvider(ProviderFactory.java:85)
	at org.apache.maven.surefire.booter.ForkedBooter.runSuitesInProcess(ForkedBooter.java:115)
	at org.apache.maven.surefire.booter.ForkedBooter.main(ForkedBooter.java:75)
</pre></div></td>
<td>0</td>
<td>com.aventstack.extentreports.api.TestInitializeNullValuesTests@96532d6</td></tr>
<tr>
<td title='com.aventstack.extentreports.api.TestInitializeNullValuesTests.bddTestStepNameEmpty()'><b>bddTestStepNameEmpty</b><br>Test class: com.aventstack.extentreports.api.TestInitializeNullValuesTests<br>Parameters: public void com.aventstack.extentreports.api.TestInitializeNullValuesTests.bddTestStepNameEmpty(java.lang.reflect.Method)</td>
<td><div><pre>java.lang.IllegalArgumentException: nodeName cannot be null or empty
	at com.aventstack.extentreports.ExtentTest.createNode(ExtentTest.java:133)
	at com.aventstack.extentreports.ExtentTest.createNode(ExtentTest.java:195)
	at com.aventstack.extentreports.api.TestInitializeNullValuesTests.bddTestStepNameEmpty(TestInitializeNullValuesTests.java:44)
... Removed 34 stack frames</pre></div><a href='#' onClick='toggleBox("stack-trace1383178166", this, "Click to show all stack frames", "Click to hide stack frames")'>Click to show all stack frames</a>
<div class='stack-trace' id='stack-trace1383178166'><pre>java.lang.IllegalArgumentException: nodeName cannot be null or empty
	at com.aventstack.extentreports.ExtentTest.createNode(ExtentTest.java:133)
	at com.aventstack.extentreports.ExtentTest.createNode(ExtentTest.java:195)
	at com.aventstack.extentreports.api.TestInitializeNullValuesTests.bddTestStepNameEmpty(TestInitializeNullValuesTests.java:44)
	at sun.reflect.NativeMethodAccessorImpl.invoke0(Native Method)
	at sun.reflect.NativeMethodAccessorImpl.invoke(NativeMethodAccessorImpl.java:62)
	at sun.reflect.DelegatingMethodAccessorImpl.invoke(DelegatingMethodAccessorImpl.java:43)
	at java.lang.reflect.Method.invoke(Method.java:498)
	at org.testng.internal.MethodInvocationHelper.invokeMethod(MethodInvocationHelper.java:86)
	at org.testng.internal.Invoker.invokeMethod(Invoker.java:643)
	at org.testng.internal.Invoker.invokeTestMethod(Invoker.java:820)
	at org.testng.internal.Invoker.invokeTestMethods(Invoker.java:1128)
	at org.testng.internal.TestMethodWorker.invokeTestMethods(TestMethodWorker.java:129)
	at org.testng.internal.TestMethodWorker.run(TestMethodWorker.java:112)
	at org.testng.TestRunner.privateRun(TestRunner.java:782)
	at org.testng.TestRunner.run(TestRunner.java:632)
	at org.testng.SuiteRunner.runTest(SuiteRunner.java:366)
	at org.testng.SuiteRunner.runSequentially(SuiteRunner.java:361)
	at org.testng.SuiteRunner.privateRun(SuiteRunner.java:319)
	at org.testng.SuiteRunner.run(SuiteRunner.java:268)
	at org.testng.SuiteRunnerWorker.runSuite(SuiteRunnerWorker.java:52)
	at org.testng.SuiteRunnerWorker.run(SuiteRunnerWorker.java:86)
	at org.testng.TestNG.runSuitesSequentially(TestNG.java:1244)
	at org.testng.TestNG.runSuitesLocally(TestNG.java:1169)
	at org.testng.TestNG.run(TestNG.java:1064)
	at org.apache.maven.surefire.testng.TestNGExecutor.run(TestNGExecutor.java:77)
	at org.apache.maven.surefire.testng.TestNGDirectoryTestSuite.executeMulti(TestNGDirectoryTestSuite.java:159)
	at org.apache.maven.surefire.testng.TestNGDirectoryTestSuite.execute(TestNGDirectoryTestSuite.java:99)
	at org.apache.maven.surefire.testng.TestNGProvider.invoke(TestNGProvider.java:106)
	at sun.reflect.NativeMethodAccessorImpl.invoke0(Native Method)
	at sun.reflect.NativeMethodAccessorImpl.invoke(NativeMethodAccessorImpl.java:62)
	at sun.reflect.DelegatingMethodAccessorImpl.invoke(DelegatingMethodAccessorImpl.java:43)
	at java.lang.reflect.Method.invoke(Method.java:498)
	at org.apache.maven.surefire.util.ReflectionUtils.invokeMethodWithArray(ReflectionUtils.java:189)
	at org.apache.maven.surefire.booter.ProviderFactory$ProviderProxy.invoke(ProviderFactory.java:165)
	at org.apache.maven.surefire.booter.ProviderFactory.invokeProvider(ProviderFactory.java:85)
	at org.apache.maven.surefire.booter.ForkedBooter.runSuitesInProcess(ForkedBooter.java:115)
	at org.apache.maven.surefire.booter.ForkedBooter.main(ForkedBooter.java:75)
</pre></div></td>
<td>0</td>
<td>com.aventstack.extentreports.api.TestInitializeNullValuesTests@96532d6</td></tr>
<tr>
<td title='com.aventstack.extentreports.api.TestInitializeNullValuesTests.bddTestStepNameEmptyGherkinKeyword()'><b>bddTestStepNameEmptyGherkinKeyword</b><br>Test class: com.aventstack.extentreports.api.TestInitializeNullValuesTests<br>Parameters: public void com.aventstack.extentreports.api.TestInitializeNullValuesTests.bddTestStepNameEmptyGherkinKeyword(java.lang.reflect.Method) throws java.lang.ClassNotFoundException</td>
<td><div><pre>java.lang.IllegalArgumentException: nodeName cannot be null or empty
	at com.aventstack.extentreports.ExtentTest.createNode(ExtentTest.java:133)
	at com.aventstack.extentreports.ExtentTest.createNode(ExtentTest.java:227)
	at com.aventstack.extentreports.ExtentTest.createNode(ExtentTest.java:257)
	at com.aventstack.extentreports.api.TestInitializeNullValuesTests.bddTestStepNameEmptyGherkinKeyword(TestInitializeNullValuesTests.java:70)
... Removed 34 stack frames</pre></div><a href='#' onClick='toggleBox("stack-trace806511723", this, "Click to show all stack frames", "Click to hide stack frames")'>Click to show all stack frames</a>
<div class='stack-trace' id='stack-trace806511723'><pre>java.lang.IllegalArgumentException: nodeName cannot be null or empty
	at com.aventstack.extentreports.ExtentTest.createNode(ExtentTest.java:133)
	at com.aventstack.extentreports.ExtentTest.createNode(ExtentTest.java:227)
	at com.aventstack.extentreports.ExtentTest.createNode(ExtentTest.java:257)
	at com.aventstack.extentreports.api.TestInitializeNullValuesTests.bddTestStepNameEmptyGherkinKeyword(TestInitializeNullValuesTests.java:70)
	at sun.reflect.NativeMethodAccessorImpl.invoke0(Native Method)
	at sun.reflect.NativeMethodAccessorImpl.invoke(NativeMethodAccessorImpl.java:62)
	at sun.reflect.DelegatingMethodAccessorImpl.invoke(DelegatingMethodAccessorImpl.java:43)
	at java.lang.reflect.Method.invoke(Method.java:498)
	at org.testng.internal.MethodInvocationHelper.invokeMethod(MethodInvocationHelper.java:86)
	at org.testng.internal.Invoker.invokeMethod(Invoker.java:643)
	at org.testng.internal.Invoker.invokeTestMethod(Invoker.java:820)
	at org.testng.internal.Invoker.invokeTestMethods(Invoker.java:1128)
	at org.testng.internal.TestMethodWorker.invokeTestMethods(TestMethodWorker.java:129)
	at org.testng.internal.TestMethodWorker.run(TestMethodWorker.java:112)
	at org.testng.TestRunner.privateRun(TestRunner.java:782)
	at org.testng.TestRunner.run(TestRunner.java:632)
	at org.testng.SuiteRunner.runTest(SuiteRunner.java:366)
	at org.testng.SuiteRunner.runSequentially(SuiteRunner.java:361)
	at org.testng.SuiteRunner.privateRun(SuiteRunner.java:319)
	at org.testng.SuiteRunner.run(SuiteRunner.java:268)
	at org.testng.SuiteRunnerWorker.runSuite(SuiteRunnerWorker.java:52)
	at org.testng.SuiteRunnerWorker.run(SuiteRunnerWorker.java:86)
	at org.testng.TestNG.runSuitesSequentially(TestNG.java:1244)
	at org.testng.TestNG.runSuitesLocally(TestNG.java:1169)
	at org.testng.TestNG.run(TestNG.java:1064)
	at org.apache.maven.surefire.testng.TestNGExecutor.run(TestNGExecutor.java:77)
	at org.apache.maven.surefire.testng.TestNGDirectoryTestSuite.executeMulti(TestNGDirectoryTestSuite.java:159)
	at org.apache.maven.surefire.testng.TestNGDirectoryTestSuite.execute(TestNGDirectoryTestSuite.java:99)
	at org.apache.maven.surefire.testng.TestNGProvider.invoke(TestNGProvider.java:106)
	at sun.reflect.NativeMethodAccessorImpl.invoke0(Native Method)
	at sun.reflect.NativeMethodAccessorImpl.invoke(NativeMethodAccessorImpl.java:62)
	at sun.reflect.DelegatingMethodAccessorImpl.invoke(DelegatingMethodAccessorImpl.java:43)
	at java.lang.reflect.Method.invoke(Method.java:498)
	at org.apache.maven.surefire.util.ReflectionUtils.invokeMethodWithArray(ReflectionUtils.java:189)
	at org.apache.maven.surefire.booter.ProviderFactory$ProviderProxy.invoke(ProviderFactory.java:165)
	at org.apache.maven.surefire.booter.ProviderFactory.invokeProvider(ProviderFactory.java:85)
	at org.apache.maven.surefire.booter.ForkedBooter.runSuitesInProcess(ForkedBooter.java:115)
	at org.apache.maven.surefire.booter.ForkedBooter.main(ForkedBooter.java:75)
</pre></div></td>
<td>0</td>
<td>com.aventstack.extentreports.api.TestInitializeNullValuesTests@96532d6</td></tr>
<tr>
<td title='com.aventstack.extentreports.api.TestInitializeNullValuesTests.bddTestStepNameNull()'><b>bddTestStepNameNull</b><br>Test class: com.aventstack.extentreports.api.TestInitializeNullValuesTests<br>Parameters: public void com.aventstack.extentreports.api.TestInitializeNullValuesTests.bddTestStepNameNull(java.lang.reflect.Method)</td>
<td><div><pre>java.lang.IllegalArgumentException: nodeName cannot be null or empty
	at com.aventstack.extentreports.ExtentTest.createNode(ExtentTest.java:133)
	at com.aventstack.extentreports.ExtentTest.createNode(ExtentTest.java:195)
	at com.aventstack.extentreports.api.TestInitializeNullValuesTests.bddTestStepNameNull(TestInitializeNullValuesTests.java:37)
... Removed 34 stack frames</pre></div><a href='#' onClick='toggleBox("stack-trace1250442005", this, "Click to show all stack frames", "Click to hide stack frames")'>Click to show all stack frames</a>
<div class='stack-trace' id='stack-trace1250442005'><pre>java.lang.IllegalArgumentException: nodeName cannot be null or empty
	at com.aventstack.extentreports.ExtentTest.createNode(ExtentTest.java:133)
	at com.aventstack.extentreports.ExtentTest.createNode(ExtentTest.java:195)
	at com.aventstack.extentreports.api.TestInitializeNullValuesTests.bddTestStepNameNull(TestInitializeNullValuesTests.java:37)
	at sun.reflect.NativeMethodAccessorImpl.invoke0(Native Method)
	at sun.reflect.NativeMethodAccessorImpl.invoke(NativeMethodAccessorImpl.java:62)
	at sun.reflect.DelegatingMethodAccessorImpl.invoke(DelegatingMethodAccessorImpl.java:43)
	at java.lang.reflect.Method.invoke(Method.java:498)
	at org.testng.internal.MethodInvocationHelper.invokeMethod(MethodInvocationHelper.java:86)
	at org.testng.internal.Invoker.invokeMethod(Invoker.java:643)
	at org.testng.internal.Invoker.invokeTestMethod(Invoker.java:820)
	at org.testng.internal.Invoker.invokeTestMethods(Invoker.java:1128)
	at org.testng.internal.TestMethodWorker.invokeTestMethods(TestMethodWorker.java:129)
	at org.testng.internal.TestMethodWorker.run(TestMethodWorker.java:112)
	at org.testng.TestRunner.privateRun(TestRunner.java:782)
	at org.testng.TestRunner.run(TestRunner.java:632)
	at org.testng.SuiteRunner.runTest(SuiteRunner.java:366)
	at org.testng.SuiteRunner.runSequentially(SuiteRunner.java:361)
	at org.testng.SuiteRunner.privateRun(SuiteRunner.java:319)
	at org.testng.SuiteRunner.run(SuiteRunner.java:268)
	at org.testng.SuiteRunnerWorker.runSuite(SuiteRunnerWorker.java:52)
	at org.testng.SuiteRunnerWorker.run(SuiteRunnerWorker.java:86)
	at org.testng.TestNG.runSuitesSequentially(TestNG.java:1244)
	at org.testng.TestNG.runSuitesLocally(TestNG.java:1169)
	at org.testng.TestNG.run(TestNG.java:1064)
	at org.apache.maven.surefire.testng.TestNGExecutor.run(TestNGExecutor.java:77)
	at org.apache.maven.surefire.testng.TestNGDirectoryTestSuite.executeMulti(TestNGDirectoryTestSuite.java:159)
	at org.apache.maven.surefire.testng.TestNGDirectoryTestSuite.execute(TestNGDirectoryTestSuite.java:99)
	at org.apache.maven.surefire.testng.TestNGProvider.invoke(TestNGProvider.java:106)
	at sun.reflect.NativeMethodAccessorImpl.invoke0(Native Method)
	at sun.reflect.NativeMethodAccessorImpl.invoke(NativeMethodAccessorImpl.java:62)
	at sun.reflect.DelegatingMethodAccessorImpl.invoke(DelegatingMethodAccessorImpl.java:43)
	at java.lang.reflect.Method.invoke(Method.java:498)
	at org.apache.maven.surefire.util.ReflectionUtils.invokeMethodWithArray(ReflectionUtils.java:189)
	at org.apache.maven.surefire.booter.ProviderFactory$ProviderProxy.invoke(ProviderFactory.java:165)
	at org.apache.maven.surefire.booter.ProviderFactory.invokeProvider(ProviderFactory.java:85)
	at org.apache.maven.surefire.booter.ForkedBooter.runSuitesInProcess(ForkedBooter.java:115)
	at org.apache.maven.surefire.booter.ForkedBooter.main(ForkedBooter.java:75)
</pre></div></td>
<td>0</td>
<td>com.aventstack.extentreports.api.TestInitializeNullValuesTests@96532d6</td></tr>
<tr>
<td title='com.aventstack.extentreports.api.TestInitializeNullValuesTests.bddTestStepNameNullGherkinKeyword()'><b>bddTestStepNameNullGherkinKeyword</b><br>Test class: com.aventstack.extentreports.api.TestInitializeNullValuesTests<br>Parameters: public void com.aventstack.extentreports.api.TestInitializeNullValuesTests.bddTestStepNameNullGherkinKeyword(java.lang.reflect.Method) throws java.lang.ClassNotFoundException</td>
<td><div><pre>java.lang.IllegalArgumentException: nodeName cannot be null or empty
	at com.aventstack.extentreports.ExtentTest.createNode(ExtentTest.java:133)
	at com.aventstack.extentreports.ExtentTest.createNode(ExtentTest.java:227)
	at com.aventstack.extentreports.ExtentTest.createNode(ExtentTest.java:257)
	at com.aventstack.extentreports.api.TestInitializeNullValuesTests.bddTestStepNameNullGherkinKeyword(TestInitializeNullValuesTests.java:63)
... Removed 34 stack frames</pre></div><a href='#' onClick='toggleBox("stack-trace627318073", this, "Click to show all stack frames", "Click to hide stack frames")'>Click to show all stack frames</a>
<div class='stack-trace' id='stack-trace627318073'><pre>java.lang.IllegalArgumentException: nodeName cannot be null or empty
	at com.aventstack.extentreports.ExtentTest.createNode(ExtentTest.java:133)
	at com.aventstack.extentreports.ExtentTest.createNode(ExtentTest.java:227)
	at com.aventstack.extentreports.ExtentTest.createNode(ExtentTest.java:257)
	at com.aventstack.extentreports.api.TestInitializeNullValuesTests.bddTestStepNameNullGherkinKeyword(TestInitializeNullValuesTests.java:63)
	at sun.reflect.NativeMethodAccessorImpl.invoke0(Native Method)
	at sun.reflect.NativeMethodAccessorImpl.invoke(NativeMethodAccessorImpl.java:62)
	at sun.reflect.DelegatingMethodAccessorImpl.invoke(DelegatingMethodAccessorImpl.java:43)
	at java.lang.reflect.Method.invoke(Method.java:498)
	at org.testng.internal.MethodInvocationHelper.invokeMethod(MethodInvocationHelper.java:86)
	at org.testng.internal.Invoker.invokeMethod(Invoker.java:643)
	at org.testng.internal.Invoker.invokeTestMethod(Invoker.java:820)
	at org.testng.internal.Invoker.invokeTestMethods(Invoker.java:1128)
	at org.testng.internal.TestMethodWorker.invokeTestMethods(TestMethodWorker.java:129)
	at org.testng.internal.TestMethodWorker.run(TestMethodWorker.java:112)
	at org.testng.TestRunner.privateRun(TestRunner.java:782)
	at org.testng.TestRunner.run(TestRunner.java:632)
	at org.testng.SuiteRunner.runTest(SuiteRunner.java:366)
	at org.testng.SuiteRunner.runSequentially(SuiteRunner.java:361)
	at org.testng.SuiteRunner.privateRun(SuiteRunner.java:319)
	at org.testng.SuiteRunner.run(SuiteRunner.java:268)
	at org.testng.SuiteRunnerWorker.runSuite(SuiteRunnerWorker.java:52)
	at org.testng.SuiteRunnerWorker.run(SuiteRunnerWorker.java:86)
	at org.testng.TestNG.runSuitesSequentially(TestNG.java:1244)
	at org.testng.TestNG.runSuitesLocally(TestNG.java:1169)
	at org.testng.TestNG.run(TestNG.java:1064)
	at org.apache.maven.surefire.testng.TestNGExecutor.run(TestNGExecutor.java:77)
	at org.apache.maven.surefire.testng.TestNGDirectoryTestSuite.executeMulti(TestNGDirectoryTestSuite.java:159)
	at org.apache.maven.surefire.testng.TestNGDirectoryTestSuite.execute(TestNGDirectoryTestSuite.java:99)
	at org.apache.maven.surefire.testng.TestNGProvider.invoke(TestNGProvider.java:106)
	at sun.reflect.NativeMethodAccessorImpl.invoke0(Native Method)
	at sun.reflect.NativeMethodAccessorImpl.invoke(NativeMethodAccessorImpl.java:62)
	at sun.reflect.DelegatingMethodAccessorImpl.invoke(DelegatingMethodAccessorImpl.java:43)
	at java.lang.reflect.Method.invoke(Method.java:498)
	at org.apache.maven.surefire.util.ReflectionUtils.invokeMethodWithArray(ReflectionUtils.java:189)
	at org.apache.maven.surefire.booter.ProviderFactory$ProviderProxy.invoke(ProviderFactory.java:165)
	at org.apache.maven.surefire.booter.ProviderFactory.invokeProvider(ProviderFactory.java:85)
	at org.apache.maven.surefire.booter.ForkedBooter.runSuitesInProcess(ForkedBooter.java:115)
	at org.apache.maven.surefire.booter.ForkedBooter.main(ForkedBooter.java:75)
</pre></div></td>
<td>0</td>
<td>com.aventstack.extentreports.api.TestInitializeNullValuesTests@96532d6</td></tr>
<tr>
<td title='com.aventstack.extentreports.api.BddAttributesTest.initialTestIsOfBddType()'><b>initialTestIsOfBddType</b><br>Test class: com.aventstack.extentreports.api.BddAttributesTest<br>Parameters: public void com.aventstack.extentreports.api.BddAttributesTest.initialTestIsOfBddType(java.lang.reflect.Method)</td>
<td></td>
<td>0</td>
<td>com.aventstack.extentreports.api.BddAttributesTest@2d6e8792</td></tr>
<tr>
<td title='com.aventstack.extentreports.api.TestInitializeNullValuesTests.nodeDescriptionNull()'><b>nodeDescriptionNull</b><br>Test class: com.aventstack.extentreports.api.TestInitializeNullValuesTests<br>Parameters: public void com.aventstack.extentreports.api.TestInitializeNullValuesTests.nodeDescriptionNull(java.lang.reflect.Method)</td>
<td></td>
<td>0</td>
<td>com.aventstack.extentreports.api.TestInitializeNullValuesTests@96532d6</td></tr>
<tr>
<td title='com.aventstack.extentreports.api.TestInitializeNullValuesTests.nodeNameEmpty()'><b>nodeNameEmpty</b><br>Test class: com.aventstack.extentreports.api.TestInitializeNullValuesTests<br>Parameters: public void com.aventstack.extentreports.api.TestInitializeNullValuesTests.nodeNameEmpty(java.lang.reflect.Method)</td>
<td><div><pre>java.lang.IllegalArgumentException: nodeName cannot be null or empty
	at com.aventstack.extentreports.ExtentTest.createNode(ExtentTest.java:159)
	at com.aventstack.extentreports.ExtentTest.createNode(ExtentTest.java:268)
	at com.aventstack.extentreports.api.TestInitializeNullValuesTests.nodeNameEmpty(TestInitializeNullValuesTests.java:90)
... Removed 34 stack frames</pre></div><a href='#' onClick='toggleBox("stack-trace1478797373", this, "Click to show all stack frames", "Click to hide stack frames")'>Click to show all stack frames</a>
<div class='stack-trace' id='stack-trace1478797373'><pre>java.lang.IllegalArgumentException: nodeName cannot be null or empty
	at com.aventstack.extentreports.ExtentTest.createNode(ExtentTest.java:159)
	at com.aventstack.extentreports.ExtentTest.createNode(ExtentTest.java:268)
	at com.aventstack.extentreports.api.TestInitializeNullValuesTests.nodeNameEmpty(TestInitializeNullValuesTests.java:90)
	at sun.reflect.NativeMethodAccessorImpl.invoke0(Native Method)
	at sun.reflect.NativeMethodAccessorImpl.invoke(NativeMethodAccessorImpl.java:62)
	at sun.reflect.DelegatingMethodAccessorImpl.invoke(DelegatingMethodAccessorImpl.java:43)
	at java.lang.reflect.Method.invoke(Method.java:498)
	at org.testng.internal.MethodInvocationHelper.invokeMethod(MethodInvocationHelper.java:86)
	at org.testng.internal.Invoker.invokeMethod(Invoker.java:643)
	at org.testng.internal.Invoker.invokeTestMethod(Invoker.java:820)
	at org.testng.internal.Invoker.invokeTestMethods(Invoker.java:1128)
	at org.testng.internal.TestMethodWorker.invokeTestMethods(TestMethodWorker.java:129)
	at org.testng.internal.TestMethodWorker.run(TestMethodWorker.java:112)
	at org.testng.TestRunner.privateRun(TestRunner.java:782)
	at org.testng.TestRunner.run(TestRunner.java:632)
	at org.testng.SuiteRunner.runTest(SuiteRunner.java:366)
	at org.testng.SuiteRunner.runSequentially(SuiteRunner.java:361)
	at org.testng.SuiteRunner.privateRun(SuiteRunner.java:319)
	at org.testng.SuiteRunner.run(SuiteRunner.java:268)
	at org.testng.SuiteRunnerWorker.runSuite(SuiteRunnerWorker.java:52)
	at org.testng.SuiteRunnerWorker.run(SuiteRunnerWorker.java:86)
	at org.testng.TestNG.runSuitesSequentially(TestNG.java:1244)
	at org.testng.TestNG.runSuitesLocally(TestNG.java:1169)
	at org.testng.TestNG.run(TestNG.java:1064)
	at org.apache.maven.surefire.testng.TestNGExecutor.run(TestNGExecutor.java:77)
	at org.apache.maven.surefire.testng.TestNGDirectoryTestSuite.executeMulti(TestNGDirectoryTestSuite.java:159)
	at org.apache.maven.surefire.testng.TestNGDirectoryTestSuite.execute(TestNGDirectoryTestSuite.java:99)
	at org.apache.maven.surefire.testng.TestNGProvider.invoke(TestNGProvider.java:106)
	at sun.reflect.NativeMethodAccessorImpl.invoke0(Native Method)
	at sun.reflect.NativeMethodAccessorImpl.invoke(NativeMethodAccessorImpl.java:62)
	at sun.reflect.DelegatingMethodAccessorImpl.invoke(DelegatingMethodAccessorImpl.java:43)
	at java.lang.reflect.Method.invoke(Method.java:498)
	at org.apache.maven.surefire.util.ReflectionUtils.invokeMethodWithArray(ReflectionUtils.java:189)
	at org.apache.maven.surefire.booter.ProviderFactory$ProviderProxy.invoke(ProviderFactory.java:165)
	at org.apache.maven.surefire.booter.ProviderFactory.invokeProvider(ProviderFactory.java:85)
	at org.apache.maven.surefire.booter.ForkedBooter.runSuitesInProcess(ForkedBooter.java:115)
	at org.apache.maven.surefire.booter.ForkedBooter.main(ForkedBooter.java:75)
</pre></div></td>
<td>0</td>
<td>com.aventstack.extentreports.api.TestInitializeNullValuesTests@96532d6</td></tr>
<tr>
<td title='com.aventstack.extentreports.api.TestInitializeNullValuesTests.nodeNameNull()'><b>nodeNameNull</b><br>Test class: com.aventstack.extentreports.api.TestInitializeNullValuesTests<br>Parameters: public void com.aventstack.extentreports.api.TestInitializeNullValuesTests.nodeNameNull(java.lang.reflect.Method)</td>
<td><div><pre>java.lang.IllegalArgumentException: nodeName cannot be null or empty
	at com.aventstack.extentreports.ExtentTest.createNode(ExtentTest.java:159)
	at com.aventstack.extentreports.ExtentTest.createNode(ExtentTest.java:268)
	at com.aventstack.extentreports.api.TestInitializeNullValuesTests.nodeNameNull(TestInitializeNullValuesTests.java:81)
... Removed 34 stack frames</pre></div><a href='#' onClick='toggleBox("stack-trace1400856767", this, "Click to show all stack frames", "Click to hide stack frames")'>Click to show all stack frames</a>
<div class='stack-trace' id='stack-trace1400856767'><pre>java.lang.IllegalArgumentException: nodeName cannot be null or empty
	at com.aventstack.extentreports.ExtentTest.createNode(ExtentTest.java:159)
	at com.aventstack.extentreports.ExtentTest.createNode(ExtentTest.java:268)
	at com.aventstack.extentreports.api.TestInitializeNullValuesTests.nodeNameNull(TestInitializeNullValuesTests.java:81)
	at sun.reflect.NativeMethodAccessorImpl.invoke0(Native Method)
	at sun.reflect.NativeMethodAccessorImpl.invoke(NativeMethodAccessorImpl.java:62)
	at sun.reflect.DelegatingMethodAccessorImpl.invoke(DelegatingMethodAccessorImpl.java:43)
	at java.lang.reflect.Method.invoke(Method.java:498)
	at org.testng.internal.MethodInvocationHelper.invokeMethod(MethodInvocationHelper.java:86)
	at org.testng.internal.Invoker.invokeMethod(Invoker.java:643)
	at org.testng.internal.Invoker.invokeTestMethod(Invoker.java:820)
	at org.testng.internal.Invoker.invokeTestMethods(Invoker.java:1128)
	at org.testng.internal.TestMethodWorker.invokeTestMethods(TestMethodWorker.java:129)
	at org.testng.internal.TestMethodWorker.run(TestMethodWorker.java:112)
	at org.testng.TestRunner.privateRun(TestRunner.java:782)
	at org.testng.TestRunner.run(TestRunner.java:632)
	at org.testng.SuiteRunner.runTest(SuiteRunner.java:366)
	at org.testng.SuiteRunner.runSequentially(SuiteRunner.java:361)
	at org.testng.SuiteRunner.privateRun(SuiteRunner.java:319)
	at org.testng.SuiteRunner.run(SuiteRunner.java:268)
	at org.testng.SuiteRunnerWorker.runSuite(SuiteRunnerWorker.java:52)
	at org.testng.SuiteRunnerWorker.run(SuiteRunnerWorker.java:86)
	at org.testng.TestNG.runSuitesSequentially(TestNG.java:1244)
	at org.testng.TestNG.runSuitesLocally(TestNG.java:1169)
	at org.testng.TestNG.run(TestNG.java:1064)
	at org.apache.maven.surefire.testng.TestNGExecutor.run(TestNGExecutor.java:77)
	at org.apache.maven.surefire.testng.TestNGDirectoryTestSuite.executeMulti(TestNGDirectoryTestSuite.java:159)
	at org.apache.maven.surefire.testng.TestNGDirectoryTestSuite.execute(TestNGDirectoryTestSuite.java:99)
	at org.apache.maven.surefire.testng.TestNGProvider.invoke(TestNGProvider.java:106)
	at sun.reflect.NativeMethodAccessorImpl.invoke0(Native Method)
	at sun.reflect.NativeMethodAccessorImpl.invoke(NativeMethodAccessorImpl.java:62)
	at sun.reflect.DelegatingMethodAccessorImpl.invoke(DelegatingMethodAccessorImpl.java:43)
	at java.lang.reflect.Method.invoke(Method.java:498)
	at org.apache.maven.surefire.util.ReflectionUtils.invokeMethodWithArray(ReflectionUtils.java:189)
	at org.apache.maven.surefire.booter.ProviderFactory$ProviderProxy.invoke(ProviderFactory.java:165)
	at org.apache.maven.surefire.booter.ProviderFactory.invokeProvider(ProviderFactory.java:85)
	at org.apache.maven.surefire.booter.ForkedBooter.runSuitesInProcess(ForkedBooter.java:115)
	at org.apache.maven.surefire.booter.ForkedBooter.main(ForkedBooter.java:75)
</pre></div></td>
<td>0</td>
<td>com.aventstack.extentreports.api.TestInitializeNullValuesTests@96532d6</td></tr>
<tr>
<td title='com.aventstack.extentreports.api.TestInitializeNullValuesTests.testDescriptionNull()'><b>testDescriptionNull</b><br>Test class: com.aventstack.extentreports.api.TestInitializeNullValuesTests<br>Parameters: public void com.aventstack.extentreports.api.TestInitializeNullValuesTests.testDescriptionNull(java.lang.reflect.Method)</td>
<td></td>
<td>0</td>
<td>com.aventstack.extentreports.api.TestInitializeNullValuesTests@96532d6</td></tr>
<tr>
<td title='com.aventstack.extentreports.api.BddAttributesTest.testIsOfBddTypeWithBddChild()'><b>testIsOfBddTypeWithBddChild</b><br>Test class: com.aventstack.extentreports.api.BddAttributesTest<br>Parameters: public void com.aventstack.extentreports.api.BddAttributesTest.testIsOfBddTypeWithBddChild(java.lang.reflect.Method)</td>
<td></td>
<td>0</td>
<td>com.aventstack.extentreports.api.BddAttributesTest@2d6e8792</td></tr>
<tr>
<td title='com.aventstack.extentreports.api.TestInitializeNullValuesTests.testNameEmpty()'><b>testNameEmpty</b><br>Test class: com.aventstack.extentreports.api.TestInitializeNullValuesTests</td>
<td><div><pre>java.lang.IllegalArgumentException: testName cannot be null or empty
	at com.aventstack.extentreports.ExtentTest.&lt;init&gt;(ExtentTest.java:80)
	at com.aventstack.extentreports.ExtentTest.&lt;init&gt;(ExtentTest.java:100)
	at com.aventstack.extentreports.ExtentReports.createTest(ExtentReports.java:227)
	at com.aventstack.extentreports.ExtentReports.createTest(ExtentReports.java:243)
	at com.aventstack.extentreports.api.TestInitializeNullValuesTests.testNameEmpty(TestInitializeNullValuesTests.java:75)
... Removed 34 stack frames</pre></div><a href='#' onClick='toggleBox("stack-trace417301556", this, "Click to show all stack frames", "Click to hide stack frames")'>Click to show all stack frames</a>
<div class='stack-trace' id='stack-trace417301556'><pre>java.lang.IllegalArgumentException: testName cannot be null or empty
	at com.aventstack.extentreports.ExtentTest.&lt;init&gt;(ExtentTest.java:80)
	at com.aventstack.extentreports.ExtentTest.&lt;init&gt;(ExtentTest.java:100)
	at com.aventstack.extentreports.ExtentReports.createTest(ExtentReports.java:227)
	at com.aventstack.extentreports.ExtentReports.createTest(ExtentReports.java:243)
	at com.aventstack.extentreports.api.TestInitializeNullValuesTests.testNameEmpty(TestInitializeNullValuesTests.java:75)
	at sun.reflect.NativeMethodAccessorImpl.invoke0(Native Method)
	at sun.reflect.NativeMethodAccessorImpl.invoke(NativeMethodAccessorImpl.java:62)
	at sun.reflect.DelegatingMethodAccessorImpl.invoke(DelegatingMethodAccessorImpl.java:43)
	at java.lang.reflect.Method.invoke(Method.java:498)
	at org.testng.internal.MethodInvocationHelper.invokeMethod(MethodInvocationHelper.java:86)
	at org.testng.internal.Invoker.invokeMethod(Invoker.java:643)
	at org.testng.internal.Invoker.invokeTestMethod(Invoker.java:820)
	at org.testng.internal.Invoker.invokeTestMethods(Invoker.java:1128)
	at org.testng.internal.TestMethodWorker.invokeTestMethods(TestMethodWorker.java:129)
	at org.testng.internal.TestMethodWorker.run(TestMethodWorker.java:112)
	at org.testng.TestRunner.privateRun(TestRunner.java:782)
	at org.testng.TestRunner.run(TestRunner.java:632)
	at org.testng.SuiteRunner.runTest(SuiteRunner.java:366)
	at org.testng.SuiteRunner.runSequentially(SuiteRunner.java:361)
	at org.testng.SuiteRunner.privateRun(SuiteRunner.java:319)
	at org.testng.SuiteRunner.run(SuiteRunner.java:268)
	at org.testng.SuiteRunnerWorker.runSuite(SuiteRunnerWorker.java:52)
	at org.testng.SuiteRunnerWorker.run(SuiteRunnerWorker.java:86)
	at org.testng.TestNG.runSuitesSequentially(TestNG.java:1244)
	at org.testng.TestNG.runSuitesLocally(TestNG.java:1169)
	at org.testng.TestNG.run(TestNG.java:1064)
	at org.apache.maven.surefire.testng.TestNGExecutor.run(TestNGExecutor.java:77)
	at org.apache.maven.surefire.testng.TestNGDirectoryTestSuite.executeMulti(TestNGDirectoryTestSuite.java:159)
	at org.apache.maven.surefire.testng.TestNGDirectoryTestSuite.execute(TestNGDirectoryTestSuite.java:99)
	at org.apache.maven.surefire.testng.TestNGProvider.invoke(TestNGProvider.java:106)
	at sun.reflect.NativeMethodAccessorImpl.invoke0(Native Method)
	at sun.reflect.NativeMethodAccessorImpl.invoke(NativeMethodAccessorImpl.java:62)
	at sun.reflect.DelegatingMethodAccessorImpl.invoke(DelegatingMethodAccessorImpl.java:43)
	at java.lang.reflect.Method.invoke(Method.java:498)
	at org.apache.maven.surefire.util.ReflectionUtils.invokeMethodWithArray(ReflectionUtils.java:189)
	at org.apache.maven.surefire.booter.ProviderFactory$ProviderProxy.invoke(ProviderFactory.java:165)
	at org.apache.maven.surefire.booter.ProviderFactory.invokeProvider(ProviderFactory.java:85)
	at org.apache.maven.surefire.booter.ForkedBooter.runSuitesInProcess(ForkedBooter.java:115)
	at org.apache.maven.surefire.booter.ForkedBooter.main(ForkedBooter.java:75)
</pre></div></td>
<td>0</td>
<td>com.aventstack.extentreports.api.TestInitializeNullValuesTests@96532d6</td></tr>
<tr>
<td title='com.aventstack.extentreports.api.TestInitializeNullValuesTests.testNameNull()'><b>testNameNull</b><br>Test class: com.aventstack.extentreports.api.TestInitializeNullValuesTests</td>
<td><div><pre>java.lang.IllegalArgumentException: testName cannot be null or empty
	at com.aventstack.extentreports.ExtentTest.&lt;init&gt;(ExtentTest.java:80)
	at com.aventstack.extentreports.ExtentTest.&lt;init&gt;(ExtentTest.java:100)
	at com.aventstack.extentreports.ExtentReports.createTest(ExtentReports.java:227)
	at com.aventstack.extentreports.ExtentReports.createTest(ExtentReports.java:243)
	at com.aventstack.extentreports.api.TestInitializeNullValuesTests.testNameNull(TestInitializeNullValuesTests.java:18)
... Removed 34 stack frames</pre></div><a href='#' onClick='toggleBox("stack-trace1707582034", this, "Click to show all stack frames", "Click to hide stack frames")'>Click to show all stack frames</a>
<div class='stack-trace' id='stack-trace1707582034'><pre>java.lang.IllegalArgumentException: testName cannot be null or empty
	at com.aventstack.extentreports.ExtentTest.&lt;init&gt;(ExtentTest.java:80)
	at com.aventstack.extentreports.ExtentTest.&lt;init&gt;(ExtentTest.java:100)
	at com.aventstack.extentreports.ExtentReports.createTest(ExtentReports.java:227)
	at com.aventstack.extentreports.ExtentReports.createTest(ExtentReports.java:243)
	at com.aventstack.extentreports.api.TestInitializeNullValuesTests.testNameNull(TestInitializeNullValuesTests.java:18)
	at sun.reflect.NativeMethodAccessorImpl.invoke0(Native Method)
	at sun.reflect.NativeMethodAccessorImpl.invoke(NativeMethodAccessorImpl.java:62)
	at sun.reflect.DelegatingMethodAccessorImpl.invoke(DelegatingMethodAccessorImpl.java:43)
	at java.lang.reflect.Method.invoke(Method.java:498)
	at org.testng.internal.MethodInvocationHelper.invokeMethod(MethodInvocationHelper.java:86)
	at org.testng.internal.Invoker.invokeMethod(Invoker.java:643)
	at org.testng.internal.Invoker.invokeTestMethod(Invoker.java:820)
	at org.testng.internal.Invoker.invokeTestMethods(Invoker.java:1128)
	at org.testng.internal.TestMethodWorker.invokeTestMethods(TestMethodWorker.java:129)
	at org.testng.internal.TestMethodWorker.run(TestMethodWorker.java:112)
	at org.testng.TestRunner.privateRun(TestRunner.java:782)
	at org.testng.TestRunner.run(TestRunner.java:632)
	at org.testng.SuiteRunner.runTest(SuiteRunner.java:366)
	at org.testng.SuiteRunner.runSequentially(SuiteRunner.java:361)
	at org.testng.SuiteRunner.privateRun(SuiteRunner.java:319)
	at org.testng.SuiteRunner.run(SuiteRunner.java:268)
	at org.testng.SuiteRunnerWorker.runSuite(SuiteRunnerWorker.java:52)
	at org.testng.SuiteRunnerWorker.run(SuiteRunnerWorker.java:86)
	at org.testng.TestNG.runSuitesSequentially(TestNG.java:1244)
	at org.testng.TestNG.runSuitesLocally(TestNG.java:1169)
	at org.testng.TestNG.run(TestNG.java:1064)
	at org.apache.maven.surefire.testng.TestNGExecutor.run(TestNGExecutor.java:77)
	at org.apache.maven.surefire.testng.TestNGDirectoryTestSuite.executeMulti(TestNGDirectoryTestSuite.java:159)
	at org.apache.maven.surefire.testng.TestNGDirectoryTestSuite.execute(TestNGDirectoryTestSuite.java:99)
	at org.apache.maven.surefire.testng.TestNGProvider.invoke(TestNGProvider.java:106)
	at sun.reflect.NativeMethodAccessorImpl.invoke0(Native Method)
	at sun.reflect.NativeMethodAccessorImpl.invoke(NativeMethodAccessorImpl.java:62)
	at sun.reflect.DelegatingMethodAccessorImpl.invoke(DelegatingMethodAccessorImpl.java:43)
	at java.lang.reflect.Method.invoke(Method.java:498)
	at org.apache.maven.surefire.util.ReflectionUtils.invokeMethodWithArray(ReflectionUtils.java:189)
	at org.apache.maven.surefire.booter.ProviderFactory$ProviderProxy.invoke(ProviderFactory.java:165)
	at org.apache.maven.surefire.booter.ProviderFactory.invokeProvider(ProviderFactory.java:85)
	at org.apache.maven.surefire.booter.ForkedBooter.runSuitesInProcess(ForkedBooter.java:115)
	at org.apache.maven.surefire.booter.ForkedBooter.main(ForkedBooter.java:75)
</pre></div></td>
<td>0</td>
<td>com.aventstack.extentreports.api.TestInitializeNullValuesTests@96532d6</td></tr>
<tr>
<td title='com.aventstack.extentreports.view.extenthtml.TestWithoutLogsHasPassStatus.testShowsUnknownStatusIfNoLogsAreAddedView()'><b>testShowsUnknownStatusIfNoLogsAreAddedView</b><br>Test class: com.aventstack.extentreports.view.extenthtml.TestWithoutLogsHasPassStatus</td>
<td></td>
<td>0</td>
<td>com.aventstack.extentreports.view.extenthtml.TestWithoutLogsHasPassStatus@2f7a2457</td></tr>
<tr>
<td title='com.aventstack.extentreports.view.extenthtml.TestAttributesTest.validateCategoryName()'><b>validateCategoryName</b><br>Test class: com.aventstack.extentreports.view.extenthtml.TestAttributesTest</td>
<td></td>
<td>0</td>
<td>com.aventstack.extentreports.view.extenthtml.TestAttributesTest@7f690630</td></tr>
<tr>
<td title='com.aventstack.extentreports.view.extenthtml.TestAttributesTest.validateCategoryNameExistsInDashboardView()'><b>validateCategoryNameExistsInDashboardView</b><br>Test class: com.aventstack.extentreports.view.extenthtml.TestAttributesTest</td>
<td></td>
<td>0</td>
<td>com.aventstack.extentreports.view.extenthtml.TestAttributesTest@7f690630</td></tr>
<tr>
<td title='com.aventstack.extentreports.view.extenthtml.TestAttributesTest.validateCategoryViewEnabled()'><b>validateCategoryViewEnabled</b><br>Test class: com.aventstack.extentreports.view.extenthtml.TestAttributesTest</td>
<td></td>
<td>0</td>
<td>com.aventstack.extentreports.view.extenthtml.TestAttributesTest@7f690630</td></tr>
<tr>
<td title='com.aventstack.extentreports.view.extenthtml.TestAttributesTest.validateCategoryViewTestID()'><b>validateCategoryViewTestID</b><br>Test class: com.aventstack.extentreports.view.extenthtml.TestAttributesTest</td>
<td></td>
<td>0</td>
<td>com.aventstack.extentreports.view.extenthtml.TestAttributesTest@7f690630</td></tr>
<tr>
<td title='com.aventstack.extentreports.view.extenthtml.TestAttributesTest.validateCategoryViewTestName()'><b>validateCategoryViewTestName</b><br>Test class: com.aventstack.extentreports.view.extenthtml.TestAttributesTest</td>
<td></td>
<td>0</td>
<td>com.aventstack.extentreports.view.extenthtml.TestAttributesTest@7f690630</td></tr>
<tr>
<td title='com.aventstack.extentreports.view.extenthtml.TestAttributesTest.validateIfCategoryViewHasCategory()'><b>validateIfCategoryViewHasCategory</b><br>Test class: com.aventstack.extentreports.view.extenthtml.TestAttributesTest</td>
<td></td>
<td>0</td>
<td>com.aventstack.extentreports.view.extenthtml.TestAttributesTest@7f690630</td></tr>
<tr>
<td title='com.aventstack.extentreports.view.extenthtml.TestAttributesTest.validateIfCategoryViewHasCategoryWithCorrectName()'><b>validateIfCategoryViewHasCategoryWithCorrectName</b><br>Test class: com.aventstack.extentreports.view.extenthtml.TestAttributesTest</td>
<td></td>
<td>0</td>
<td>com.aventstack.extentreports.view.extenthtml.TestAttributesTest@7f690630</td></tr>
<tr>
<td title='com.aventstack.extentreports.view.extenthtml.TestAndNodeAttributesTest.validatesIfBdd()'><b>validatesIfBdd</b><br>Test class: com.aventstack.extentreports.view.extenthtml.TestAndNodeAttributesTest</td>
<td></td>
<td>0</td>
<td>com.aventstack.extentreports.view.extenthtml.TestAndNodeAttributesTest@35f983a6</td></tr>
<tr>
<td title='com.aventstack.extentreports.view.extenthtml.TestMarkupTest.validatesIfBdd()'><b>validatesIfBdd</b><br>Test class: com.aventstack.extentreports.view.extenthtml.TestMarkupTest</td>
<td></td>
<td>0</td>
<td>com.aventstack.extentreports.view.extenthtml.TestMarkupTest@edf4efb</td></tr>
<tr>
<td title='com.aventstack.extentreports.view.extenthtml.TestMarkupTest.validatesLogSizeView()'><b>validatesLogSizeView</b><br>Test class: com.aventstack.extentreports.view.extenthtml.TestMarkupTest</td>
<td></td>
<td>0</td>
<td>com.aventstack.extentreports.view.extenthtml.TestMarkupTest@edf4efb</td></tr>
<tr>
<td title='com.aventstack.extentreports.view.extenthtml.TestMarkupTest.validatesLogStatusView()'><b>validatesLogStatusView</b><br>Test class: com.aventstack.extentreports.view.extenthtml.TestMarkupTest</td>
<td></td>
<td>0</td>
<td>com.aventstack.extentreports.view.extenthtml.TestMarkupTest@edf4efb</td></tr>
<tr>
<td title='com.aventstack.extentreports.view.extenthtml.TestAndNodeAttributesTest.validatesNodeIDView()'><b>validatesNodeIDView</b><br>Test class: com.aventstack.extentreports.view.extenthtml.TestAndNodeAttributesTest</td>
<td></td>
<td>0</td>
<td>com.aventstack.extentreports.view.extenthtml.TestAndNodeAttributesTest@35f983a6</td></tr>
<tr>
<td title='com.aventstack.extentreports.view.extenthtml.TestAndNodeAttributesTest.validatesNodeLogSizeView()'><b>validatesNodeLogSizeView</b><br>Test class: com.aventstack.extentreports.view.extenthtml.TestAndNodeAttributesTest</td>
<td></td>
<td>0</td>
<td>com.aventstack.extentreports.view.extenthtml.TestAndNodeAttributesTest@35f983a6</td></tr>
<tr>
<td title='com.aventstack.extentreports.view.extenthtml.TestAndNodeAttributesTest.validatesNodeNameView()'><b>validatesNodeNameView</b><br>Test class: com.aventstack.extentreports.view.extenthtml.TestAndNodeAttributesTest</td>
<td></td>
<td>0</td>
<td>com.aventstack.extentreports.view.extenthtml.TestAndNodeAttributesTest@35f983a6</td></tr>
<tr>
<td title='com.aventstack.extentreports.view.extenthtml.TestAndNodeAttributesTest.validatesNodeStatusView()'><b>validatesNodeStatusView</b><br>Test class: com.aventstack.extentreports.view.extenthtml.TestAndNodeAttributesTest</td>
<td></td>
<td>0</td>
<td>com.aventstack.extentreports.view.extenthtml.TestAndNodeAttributesTest@35f983a6</td></tr>
<tr>
<td title='com.aventstack.extentreports.view.extenthtml.TestAndNodeAttributesTest.validatesNodesCountView()'><b>validatesNodesCountView</b><br>Test class: com.aventstack.extentreports.view.extenthtml.TestAndNodeAttributesTest</td>
<td></td>
<td>0</td>
<td>com.aventstack.extentreports.view.extenthtml.TestAndNodeAttributesTest@35f983a6</td></tr>
<tr>
<td title='com.aventstack.extentreports.view.extenthtml.TestAndNodeAttributesTest.validatesTestIDView()'><b>validatesTestIDView</b><br>Test class: com.aventstack.extentreports.view.extenthtml.TestAndNodeAttributesTest</td>
<td></td>
<td>0</td>
<td>com.aventstack.extentreports.view.extenthtml.TestAndNodeAttributesTest@35f983a6</td></tr>
<tr>
<td title='com.aventstack.extentreports.view.extenthtml.TestMarkupTest.validatesTestIDView()'><b>validatesTestIDView</b><br>Test class: com.aventstack.extentreports.view.extenthtml.TestMarkupTest</td>
<td></td>
<td>0</td>
<td>com.aventstack.extentreports.view.extenthtml.TestMarkupTest@edf4efb</td></tr>
<tr>
<td title='com.aventstack.extentreports.view.extenthtml.TestAndNodeAttributesTest.validatesTestLogSizeView()'><b>validatesTestLogSizeView</b><br>Test class: com.aventstack.extentreports.view.extenthtml.TestAndNodeAttributesTest</td>
<td></td>
<td>0</td>
<td>com.aventstack.extentreports.view.extenthtml.TestAndNodeAttributesTest@35f983a6</td></tr>
<tr>
<td title='com.aventstack.extentreports.view.extenthtml.TestAndNodeAttributesTest.validatesTestNameView()'><b>validatesTestNameView</b><br>Test class: com.aventstack.extentreports.view.extenthtml.TestAndNodeAttributesTest</td>
<td></td>
<td>0</td>
<td>com.aventstack.extentreports.view.extenthtml.TestAndNodeAttributesTest@35f983a6</td></tr>
<tr>
<td title='com.aventstack.extentreports.view.extenthtml.TestMarkupTest.validatesTestNameView()'><b>validatesTestNameView</b><br>Test class: com.aventstack.extentreports.view.extenthtml.TestMarkupTest</td>
<td></td>
<td>0</td>
<td>com.aventstack.extentreports.view.extenthtml.TestMarkupTest@edf4efb</td></tr>
<tr>
<td title='com.aventstack.extentreports.view.extenthtml.TestAndNodeAttributesTest.validatesTestStatusView()'><b>validatesTestStatusView</b><br>Test class: com.aventstack.extentreports.view.extenthtml.TestAndNodeAttributesTest</td>
<td></td>
<td>0</td>
<td>com.aventstack.extentreports.view.extenthtml.TestAndNodeAttributesTest@35f983a6</td></tr>
<tr>
<td title='com.aventstack.extentreports.view.extenthtml.TestMarkupTest.validatesTestStatusView()'><b>validatesTestStatusView</b><br>Test class: com.aventstack.extentreports.view.extenthtml.TestMarkupTest</td>
<td></td>
<td>0</td>
<td>com.aventstack.extentreports.view.extenthtml.TestMarkupTest@edf4efb</td></tr>
<tr>
<td title='com.aventstack.extentreports.view.extenthtml.TestAndNodeAttributesTest.validatesTestsCountView()'><b>validatesTestsCountView</b><br>Test class: com.aventstack.extentreports.view.extenthtml.TestAndNodeAttributesTest</td>
<td></td>
<td>0</td>
<td>com.aventstack.extentreports.view.extenthtml.TestAndNodeAttributesTest@35f983a6</td></tr>
<tr>
<td title='com.aventstack.extentreports.view.extenthtml.TestMarkupTest.validatesTestsCountView()'><b>validatesTestsCountView</b><br>Test class: com.aventstack.extentreports.view.extenthtml.TestMarkupTest</td>
<td></td>
<td>0</td>
<td>com.aventstack.extentreports.view.extenthtml.TestMarkupTest@edf4efb</td></tr>
<tr>
<td title='com.aventstack.extentreports.api.TestStatusHierarchyTests.verifFailHasHigherPriorityThanError()'><b>verifFailHasHigherPriorityThanError</b><br>Test class: com.aventstack.extentreports.api.TestStatusHierarchyTests<br>Parameters: public void com.aventstack.extentreports.api.TestStatusHierarchyTests.verifFailHasHigherPriorityThanError(java.lang.reflect.Method)</td>
<td></td>
<td>0</td>
<td>com.aventstack.extentreports.api.TestStatusHierarchyTests@6442b0a6</td></tr>
<tr>
<td title='com.aventstack.extentreports.api.TestStatusHierarchyTests.verifFatalHasHigherPriorityThanFail()'><b>verifFatalHasHigherPriorityThanFail</b><br>Test class: com.aventstack.extentreports.api.TestStatusHierarchyTests<br>Parameters: public void com.aventstack.extentreports.api.TestStatusHierarchyTests.verifFatalHasHigherPriorityThanFail(java.lang.reflect.Method)</td>
<td></td>
<td>0</td>
<td>com.aventstack.extentreports.api.TestStatusHierarchyTests@6442b0a6</td></tr>
<tr>
<td title='com.aventstack.extentreports.api.TestIdsTests.verifyAllStartedTestsHaveUniqueIds()'><b>verifyAllStartedTestsHaveUniqueIds</b><br>Test class: com.aventstack.extentreports.api.TestIdsTests<br>Parameters: public void com.aventstack.extentreports.api.TestIdsTests.verifyAllStartedTestsHaveUniqueIds(java.lang.reflect.Method)</td>
<td></td>
<td>0</td>
<td>com.aventstack.extentreports.api.TestIdsTests@506e6d5e</td></tr>
<tr>
<td title='com.aventstack.extentreports.api.TestStartEndDateTimeTests.verifyEndTime()'><b>verifyEndTime</b><br>Test class: com.aventstack.extentreports.api.TestStartEndDateTimeTests<br>Parameters: public void com.aventstack.extentreports.api.TestStartEndDateTimeTests.verifyEndTime(java.lang.reflect.Method)</td>
<td></td>
<td>0</td>
<td>com.aventstack.extentreports.api.TestStartEndDateTimeTests@4411d970</td></tr>
<tr>
<td title='com.aventstack.extentreports.api.TestStartEndDateTimeTests.verifyEndTimeWithLogs()'><b>verifyEndTimeWithLogs</b><br>Test class: com.aventstack.extentreports.api.TestStartEndDateTimeTests<br>Parameters: public void com.aventstack.extentreports.api.TestStartEndDateTimeTests.verifyEndTimeWithLogs(java.lang.reflect.Method)</td>
<td></td>
<td>0</td>
<td>com.aventstack.extentreports.api.TestStartEndDateTimeTests@4411d970</td></tr>
<tr>
<td title='com.aventstack.extentreports.api.TestStartEndDateTimeTests.verifyEndTimeWithManualSetting()'><b>verifyEndTimeWithManualSetting</b><br>Test class: com.aventstack.extentreports.api.TestStartEndDateTimeTests<br>Parameters: public void com.aventstack.extentreports.api.TestStartEndDateTimeTests.verifyEndTimeWithManualSetting(java.lang.reflect.Method)</td>
<td></td>
<td>0</td>
<td>com.aventstack.extentreports.api.TestStartEndDateTimeTests@4411d970</td></tr>
<tr>
<td title='com.aventstack.extentreports.api.TestStatusHierarchyTests.verifyErrorHasHigherPriorityThanWarning()'><b>verifyErrorHasHigherPriorityThanWarning</b><br>Test class: com.aventstack.extentreports.api.TestStatusHierarchyTests<br>Parameters: public void com.aventstack.extentreports.api.TestStatusHierarchyTests.verifyErrorHasHigherPriorityThanWarning(java.lang.reflect.Method)</td>
<td></td>
<td>0</td>
<td>com.aventstack.extentreports.api.TestStatusHierarchyTests@6442b0a6</td></tr>
<tr>
<td title='com.aventstack.extentreports.api.NodeAttributesTest.verifyIfNodeHasAddedCategory()'><b>verifyIfNodeHasAddedCategory</b><br>Test class: com.aventstack.extentreports.api.NodeAttributesTest<br>Parameters: public void com.aventstack.extentreports.api.NodeAttributesTest.verifyIfNodeHasAddedCategory(java.lang.reflect.Method)</td>
<td></td>
<td>0</td>
<td>com.aventstack.extentreports.api.NodeAttributesTest@2812cbfa</td></tr>
<tr>
<td title='com.aventstack.extentreports.api.TestMediaTests.verifyIfScreenCaptureAdded()'><b>verifyIfScreenCaptureAdded</b><br>Test class: com.aventstack.extentreports.api.TestMediaTests<br>Parameters: public void com.aventstack.extentreports.api.TestMediaTests.verifyIfScreenCaptureAdded(java.lang.reflect.Method) throws java.io.IOException</td>
<td></td>
<td>0</td>
<td>com.aventstack.extentreports.api.TestMediaTests@3796751b</td></tr>
<tr>
<td title='com.aventstack.extentreports.api.NodeAttributesTest.verifyIfTestHasAddedAuthor()'><b>verifyIfTestHasAddedAuthor</b><br>Test class: com.aventstack.extentreports.api.NodeAttributesTest<br>Parameters: public void com.aventstack.extentreports.api.NodeAttributesTest.verifyIfTestHasAddedAuthor(java.lang.reflect.Method)</td>
<td></td>
<td>0</td>
<td>com.aventstack.extentreports.api.NodeAttributesTest@2812cbfa</td></tr>
<tr>
<td title='com.aventstack.extentreports.api.TestAttributesTests.verifyIfTestHasAddedAuthor()'><b>verifyIfTestHasAddedAuthor</b><br>Test class: com.aventstack.extentreports.api.TestAttributesTests<br>Parameters: public void com.aventstack.extentreports.api.TestAttributesTests.verifyIfTestHasAddedAuthor(java.lang.reflect.Method)</td>
<td></td>
<td>0</td>
<td>com.aventstack.extentreports.api.TestAttributesTests@2acf57e3</td></tr>
<tr>
<td title='com.aventstack.extentreports.api.NodeAttributesTest.verifyIfTestHasAddedAuthors()'><b>verifyIfTestHasAddedAuthors</b><br>Test class: com.aventstack.extentreports.api.NodeAttributesTest<br>Parameters: public void com.aventstack.extentreports.api.NodeAttributesTest.verifyIfTestHasAddedAuthors(java.lang.reflect.Method)</td>
<td></td>
<td>0</td>
<td>com.aventstack.extentreports.api.NodeAttributesTest@2812cbfa</td></tr>
<tr>
<td title='com.aventstack.extentreports.api.TestAttributesTests.verifyIfTestHasAddedAuthors()'><b>verifyIfTestHasAddedAuthors</b><br>Test class: com.aventstack.extentreports.api.TestAttributesTests<br>Parameters: public void com.aventstack.extentreports.api.TestAttributesTests.verifyIfTestHasAddedAuthors(java.lang.reflect.Method)</td>
<td></td>
<td>0</td>
<td>com.aventstack.extentreports.api.TestAttributesTests@2acf57e3</td></tr>
<tr>
<td title='com.aventstack.extentreports.api.NodeAttributesTest.verifyIfTestHasAddedCategories()'><b>verifyIfTestHasAddedCategories</b><br>Test class: com.aventstack.extentreports.api.NodeAttributesTest<br>Parameters: public void com.aventstack.extentreports.api.NodeAttributesTest.verifyIfTestHasAddedCategories(java.lang.reflect.Method)</td>
<td></td>
<td>0</td>
<td>com.aventstack.extentreports.api.NodeAttributesTest@2812cbfa</td></tr>
<tr>
<td title='com.aventstack.extentreports.api.TestAttributesTests.verifyIfTestHasAddedCategories()'><b>verifyIfTestHasAddedCategories</b><br>Test class: com.aventstack.extentreports.api.TestAttributesTests<br>Parameters: public void com.aventstack.extentreports.api.TestAttributesTests.verifyIfTestHasAddedCategories(java.lang.reflect.Method)</td>
<td></td>
<td>0</td>
<td>com.aventstack.extentreports.api.TestAttributesTests@2acf57e3</td></tr>
<tr>
<td title='com.aventstack.extentreports.api.TestAttributesTests.verifyIfTestHasAddedCategory()'><b>verifyIfTestHasAddedCategory</b><br>Test class: com.aventstack.extentreports.api.TestAttributesTests<br>Parameters: public void com.aventstack.extentreports.api.TestAttributesTests.verifyIfTestHasAddedCategory(java.lang.reflect.Method)</td>
<td></td>
<td>0</td>
<td>com.aventstack.extentreports.api.TestAttributesTests@2acf57e3</td></tr>
<tr>
<td title='com.aventstack.extentreports.api.TestSingleLogsStatusTests.verifyIfTestHasStatusError()'><b>verifyIfTestHasStatusError</b><br>Test class: com.aventstack.extentreports.api.TestSingleLogsStatusTests<br>Parameters: public void com.aventstack.extentreports.api.TestSingleLogsStatusTests.verifyIfTestHasStatusError(java.lang.reflect.Method)</td>
<td></td>
<td>0</td>
<td>com.aventstack.extentreports.api.TestSingleLogsStatusTests@67b64c45</td></tr>
<tr>
<td title='com.aventstack.extentreports.api.TestSingleLogsStatusTests.verifyIfTestHasStatusFail()'><b>verifyIfTestHasStatusFail</b><br>Test class: com.aventstack.extentreports.api.TestSingleLogsStatusTests<br>Parameters: public void com.aventstack.extentreports.api.TestSingleLogsStatusTests.verifyIfTestHasStatusFail(java.lang.reflect.Method)</td>
<td></td>
<td>0</td>
<td>com.aventstack.extentreports.api.TestSingleLogsStatusTests@67b64c45</td></tr>
<tr>
<td title='com.aventstack.extentreports.api.TestSingleLogsStatusTests.verifyIfTestHasStatusFatal()'><b>verifyIfTestHasStatusFatal</b><br>Test class: com.aventstack.extentreports.api.TestSingleLogsStatusTests<br>Parameters: public void com.aventstack.extentreports.api.TestSingleLogsStatusTests.verifyIfTestHasStatusFatal(java.lang.reflect.Method)</td>
<td></td>
<td>0</td>
<td>com.aventstack.extentreports.api.TestSingleLogsStatusTests@67b64c45</td></tr>
<tr>
<td title='com.aventstack.extentreports.api.TestSingleLogsStatusTests.verifyIfTestHasStatusPass()'><b>verifyIfTestHasStatusPass</b><br>Test class: com.aventstack.extentreports.api.TestSingleLogsStatusTests<br>Parameters: public void com.aventstack.extentreports.api.TestSingleLogsStatusTests.verifyIfTestHasStatusPass(java.lang.reflect.Method)</td>
<td></td>
<td>0</td>
<td>com.aventstack.extentreports.api.TestSingleLogsStatusTests@67b64c45</td></tr>
<tr>
<td title='com.aventstack.extentreports.api.TestSingleLogsStatusTests.verifyIfTestHasStatusPassWithOnlyInfoSingle()'><b>verifyIfTestHasStatusPassWithOnlyInfoSingle</b><br>Test class: com.aventstack.extentreports.api.TestSingleLogsStatusTests<br>Parameters: public void com.aventstack.extentreports.api.TestSingleLogsStatusTests.verifyIfTestHasStatusPassWithOnlyInfoSingle(java.lang.reflect.Method)</td>
<td></td>
<td>0</td>
<td>com.aventstack.extentreports.api.TestSingleLogsStatusTests@67b64c45</td></tr>
<tr>
<td title='com.aventstack.extentreports.api.TestSingleLogsStatusTests.verifyIfTestHasStatusSkip()'><b>verifyIfTestHasStatusSkip</b><br>Test class: com.aventstack.extentreports.api.TestSingleLogsStatusTests<br>Parameters: public void com.aventstack.extentreports.api.TestSingleLogsStatusTests.verifyIfTestHasStatusSkip(java.lang.reflect.Method)</td>
<td></td>
<td>0</td>
<td>com.aventstack.extentreports.api.TestSingleLogsStatusTests@67b64c45</td></tr>
<tr>
<td title='com.aventstack.extentreports.api.TestSingleLogsStatusTests.verifyIfTestHasStatusWarning()'><b>verifyIfTestHasStatusWarning</b><br>Test class: com.aventstack.extentreports.api.TestSingleLogsStatusTests<br>Parameters: public void com.aventstack.extentreports.api.TestSingleLogsStatusTests.verifyIfTestHasStatusWarning(java.lang.reflect.Method)</td>
<td></td>
<td>0</td>
<td>com.aventstack.extentreports.api.TestSingleLogsStatusTests@67b64c45</td></tr>
<tr>
<td title='com.aventstack.extentreports.api.TestMediaTests.verifyMultipleScreenCaptures()'><b>verifyMultipleScreenCaptures</b><br>Test class: com.aventstack.extentreports.api.TestMediaTests<br>Parameters: public void com.aventstack.extentreports.api.TestMediaTests.verifyMultipleScreenCaptures(java.lang.reflect.Method) throws java.io.IOException</td>
<td></td>
<td>0</td>
<td>com.aventstack.extentreports.api.TestMediaTests@3796751b</td></tr>
<tr>
<td title='com.aventstack.extentreports.api.TestStatusHierarchyTests.verifyPassHasHigherPriorityThanInfo()'><b>verifyPassHasHigherPriorityThanInfo</b><br>Test class: com.aventstack.extentreports.api.TestStatusHierarchyTests<br>Parameters: public void com.aventstack.extentreports.api.TestStatusHierarchyTests.verifyPassHasHigherPriorityThanInfo(java.lang.reflect.Method)</td>
<td></td>
<td>0</td>
<td>com.aventstack.extentreports.api.TestStatusHierarchyTests@6442b0a6</td></tr>
<tr>
<td title='com.aventstack.extentreports.api.TestMediaTests.verifyScreenCaptureTitle()'><b>verifyScreenCaptureTitle</b><br>Test class: com.aventstack.extentreports.api.TestMediaTests<br>Parameters: public void com.aventstack.extentreports.api.TestMediaTests.verifyScreenCaptureTitle(java.lang.reflect.Method) throws java.io.IOException</td>
<td></td>
<td>0</td>
<td>com.aventstack.extentreports.api.TestMediaTests@3796751b</td></tr>
<tr>
<td title='com.aventstack.extentreports.api.TestStatusHierarchyTests.verifySkipHasHigherPriorityThanPass()'><b>verifySkipHasHigherPriorityThanPass</b><br>Test class: com.aventstack.extentreports.api.TestStatusHierarchyTests<br>Parameters: public void com.aventstack.extentreports.api.TestStatusHierarchyTests.verifySkipHasHigherPriorityThanPass(java.lang.reflect.Method)</td>
<td></td>
<td>0</td>
<td>com.aventstack.extentreports.api.TestStatusHierarchyTests@6442b0a6</td></tr>
<tr>
<td title='com.aventstack.extentreports.api.TestStartEndDateTimeTests.verifyStartTime()'><b>verifyStartTime</b><br>Test class: com.aventstack.extentreports.api.TestStartEndDateTimeTests<br>Parameters: public void com.aventstack.extentreports.api.TestStartEndDateTimeTests.verifyStartTime(java.lang.reflect.Method)</td>
<td></td>
<td>0</td>
<td>com.aventstack.extentreports.api.TestStartEndDateTimeTests@4411d970</td></tr>
<tr>
<td title='com.aventstack.extentreports.api.TestStartEndDateTimeTests.verifyStartTimeWithLogs()'><b>verifyStartTimeWithLogs</b><br>Test class: com.aventstack.extentreports.api.TestStartEndDateTimeTests<br>Parameters: public void com.aventstack.extentreports.api.TestStartEndDateTimeTests.verifyStartTimeWithLogs(java.lang.reflect.Method)</td>
<td></td>
<td>0</td>
<td>com.aventstack.extentreports.api.TestStartEndDateTimeTests@4411d970</td></tr>
<tr>
<td title='com.aventstack.extentreports.api.TestWithoutLogs.verifyTestHasPassStatusIfNoLogsAdded()'><b>verifyTestHasPassStatusIfNoLogsAdded</b><br>Test class: com.aventstack.extentreports.api.TestWithoutLogs<br>Parameters: public void com.aventstack.extentreports.api.TestWithoutLogs.verifyTestHasPassStatusIfNoLogsAdded(java.lang.reflect.Method)</td>
<td></td>
<td>0</td>
<td>com.aventstack.extentreports.api.TestWithoutLogs@60f82f98</td></tr>
<tr>
<td title='com.aventstack.extentreports.api.TestStartEndDateTimeTests.verifyTimeWithManualSetting()'><b>verifyTimeWithManualSetting</b><br>Test class: com.aventstack.extentreports.api.TestStartEndDateTimeTests<br>Parameters: public void com.aventstack.extentreports.api.TestStartEndDateTimeTests.verifyTimeWithManualSetting(java.lang.reflect.Method)</td>
<td></td>
<td>0</td>
<td>com.aventstack.extentreports.api.TestStartEndDateTimeTests@4411d970</td></tr>
<tr>
<td title='com.aventstack.extentreports.api.TestStatusHierarchyTests.verifyWarningHasHigherPriorityThanSkip()'><b>verifyWarningHasHigherPriorityThanSkip</b><br>Test class: com.aventstack.extentreports.api.TestStatusHierarchyTests<br>Parameters: public void com.aventstack.extentreports.api.TestStatusHierarchyTests.verifyWarningHasHigherPriorityThanSkip(java.lang.reflect.Method)</td>
<td></td>
<td>0</td>
<td>com.aventstack.extentreports.api.TestStatusHierarchyTests@6442b0a6</td></tr>
</table><p>
</body>
</html>